<?xml version="1.0" encoding="UTF-8"?>
<testsuite xmlns:xsi="http://www.w3.org/2001/XMLSchema-instance" xsi:noNamespaceSchemaLocation="https://maven.apache.org/surefire/maven-surefire-plugin/xsd/surefire-test-report.xsd" name="TestSuite" time="46.883" tests="1" errors="0" skipped="0" failures="1">
  <properties>
[...]
</properties>
  <testcase name="validateLoginUser" classname="Academy.validateLogin" time="27.245">
    <failure message="expected [Login Page] but found [NNNOW.com Discover and Shop Latest Fashion and Clothes Online.]" type="java.lang.AssertionError">java.lang.AssertionError: expected [Login Page] but found [NNNOW.com Discover and Shop Latest Fashion and Clothes Online.]
	at Academy.validateLogin.validateLoginUser(validateLogin.java:178)
</failure>
    <system-out><![CDATA[chrome
User on NNNOW.com Discover and Shop Latest Fashion and Clothes Online.Page
User successfully clicked on MEN Tab
User successfully clicked on JEANS
Product successfully opened in the new tab
User successfully selected size of JEANS
User clicked on ADD BAG 
Product Information:FLYING MACHINE
Men Blue Mid Rise Michael Slim Tapered Fit Jeans
Size: 30
Color: Blue
Rs. 2,199Rs. 1,100 (50% Off)
User successfully clicked on VIEW SHOPPING BAG
User Successfully clicked on APPLY PROMO CODE
User successfully typed PROMO CODE ABCD
User successfully clicked on APPLY PROMO CODE
ERROR MSG When User typed wrong PROMO CODE:Sorry! No such coupon exists
User successfully clicked on closed PROMO CODE Window
User successfully clicked on CHEK OUT
User successfully clicked on CONTINUED
]]></system-out>
    <system-err><![CDATA[Starting ChromeDriver 87.0.4280.20 (c99e81631faa0b2a448e658c0dbd8311fb04ddbd-refs/branch-heads/4280@{#355}) on port 44067
Only local connections are allowed.
Please see https://chromedriver.chromium.org/security-considerations for suggestions on keeping ChromeDriver safe.
ChromeDriver was started successfully.
Dec 26, 2020 11:49:40 AM org.openqa.selenium.remote.ProtocolHandshake createSession
INFO: Detected dialect: W3C
]]></system-err>
  </testcase>
</testsuite>